<?xml version="1.0" encoding="UTF-8"?>
<!-- Generated by org.testng.reporters.JUnitXMLReporter -->
<testsuite hostname="arkas-MacBook-Pro.local" ignored="0" name="Default test" tests="2" failures="0" timestamp="06 Jun 2018 04:55:58 GMT" time="26.283" errors="0">
  <testcase name="VerifyHomePageTitleTest" time="0.093" classname="com.Jabong.qa.TestCases.HomePageTest"/>
  <testcase name="SearchItemServiceTest" time="2.228" classname="com.Jabong.qa.TestCases.HomePageTest"/>
</testsuite> <!-- Default test -->
